[2020-06-22 16:05:22 : INFO] - Re_Smush_It_Task with attachment ID : 568, autocreated on : June 22, 2020 04:05:22 
[2020-06-22 16:05:24 : INFO] - Re_Smush_It_Task with attachment ID : 570, autocreated on : June 22, 2020 04:05:24 
[2020-06-22 16:09:22 : INFO] - Re_Smush_It_Task with attachment ID : 573, autocreated on : June 22, 2020 04:09:22 
[2020-06-22 16:10:33 : INFO] - 
 
[2020-06-22 16:10:33 : INFO] - Header for logs at time:  Mon, 22 Jun 2020 16:10:33 +0000 on https://getac.preview.rb.de/wp 
[2020-06-22 16:10:33 : INFO] - WP: 5.4.1 
[2020-06-22 16:10:33 : INFO] - PHP: 7.3.17-1+0~20200419.57+debian10~1.gbp0fda17 (fpm-fcgi, Linux getac-web 4.15.0-96-generic #97-Ubuntu SMP Wed Apr 1 03:25:46 UTC 2020 x86_64) 
[2020-06-22 16:10:33 : INFO] - MySQL: 5.5.5 
[2020-06-22 16:10:33 : INFO] - WPLANG: en_US 
[2020-06-22 16:10:33 : INFO] - Server: nginx/1.18.0 
[2020-06-22 16:10:33 : INFO] - Outbound connections: N 
[2020-06-22 16:10:33 : INFO] - safe_mode: 0 
[2020-06-22 16:10:33 : INFO] - max_execution_time: 600 
[2020-06-22 16:10:33 : INFO] - memory_limit: 256M (used: 11.8M | 2M) 
[2020-06-22 16:10:33 : INFO] - multisite: N 
[2020-06-22 16:10:33 : INFO] - openssl: OpenSSL 1.1.1f  31 Mar 2020 
[2020-06-22 16:10:33 : INFO] - A total of 3 tasks of type smush found and will be processed in this iteration 
[2020-06-22 16:10:33 : INFO] - Set semaphore last lock (smush) time to 2020-06-22 16:10:33 
[2020-06-22 16:10:33 : INFO] - Semaphore lock (smush) complete 
[2020-06-22 16:10:33 : INFO] - Processing task with ID : 107, and type 'smush' 
[2020-06-22 16:10:33 : INFO] - Re_Smush_It_Task with attachment ID : 568, autocreated on : June 22, 2020 04:05:22 
[2020-06-22 16:10:33 : INFO] - 95 
[2020-06-22 16:10:34 : INFO] - Backing up the original image - 2020/06/Getac-Keyvisual_1920x1080_CTe-updraft-pre-smush-original.jpg 
[2020-06-22 16:10:34 : INFO] - Re_Smush_It_Task with attachment ID : 568, autocreated on : June 22, 2020 04:05:22 
[2020-06-22 16:10:34 : INFO] - 95 
[2020-06-22 16:10:34 : INFO] - Re_Smush_It_Task with attachment ID : 568, autocreated on : June 22, 2020 04:05:22 
[2020-06-22 16:10:34 : INFO] - 95 
[2020-06-22 16:10:34 : INFO] - Re_Smush_It_Task with attachment ID : 568, autocreated on : June 22, 2020 04:05:22 
[2020-06-22 16:10:34 : INFO] - 95 
[2020-06-22 16:10:34 : INFO] - Re_Smush_It_Task with attachment ID : 568, autocreated on : June 22, 2020 04:05:22 
[2020-06-22 16:10:34 : INFO] - 95 
[2020-06-22 16:10:35 : INFO] - Re_Smush_It_Task with attachment ID : 568, autocreated on : June 22, 2020 04:05:22 
[2020-06-22 16:10:35 : INFO] - 95 
[2020-06-22 16:10:35 : INFO] - Re_Smush_It_Task with attachment ID : 568, autocreated on : June 22, 2020 04:05:22 
[2020-06-22 16:10:35 : INFO] - 95 
[2020-06-22 16:10:35 : INFO] - Successfully optimized the image - /var/www/html/app/web/app/uploads/2020/06/Getac-Keyvisual_1920x1080_CTe.jpg.The file was compressed from 522.13 KB to 402.42 KB saving 22.93 percent using WP-Optimize 
[2020-06-22 16:10:35 : INFO] - Completed processing task with ID : 107, and type 'smush' 
[2020-06-22 16:10:35 : INFO] - Processing task with ID : 108, and type 'smush' 
[2020-06-22 16:10:35 : INFO] - Re_Smush_It_Task with attachment ID : 570, autocreated on : June 22, 2020 04:05:24 
[2020-06-22 16:10:35 : INFO] - 95 
[2020-06-22 16:10:36 : INFO] - Backing up the original image - 2020/06/Getac-Keyvisual_1200x1200_CTe-updraft-pre-smush-original.jpg 
[2020-06-22 16:10:36 : INFO] - Re_Smush_It_Task with attachment ID : 570, autocreated on : June 22, 2020 04:05:24 
[2020-06-22 16:10:36 : INFO] - 95 
[2020-06-22 16:10:36 : INFO] - Re_Smush_It_Task with attachment ID : 570, autocreated on : June 22, 2020 04:05:24 
[2020-06-22 16:10:36 : INFO] - 95 
[2020-06-22 16:10:36 : INFO] - Re_Smush_It_Task with attachment ID : 570, autocreated on : June 22, 2020 04:05:24 
[2020-06-22 16:10:36 : INFO] - 95 
[2020-06-22 16:10:37 : INFO] - Re_Smush_It_Task with attachment ID : 570, autocreated on : June 22, 2020 04:05:24 
[2020-06-22 16:10:37 : INFO] - 95 
[2020-06-22 16:10:37 : INFO] - Successfully optimized the image - /var/www/html/app/web/app/uploads/2020/06/Getac-Keyvisual_1200x1200_CTe.jpg.The file was compressed from 575.34 KB to 391.08 KB saving 32.03 percent using WP-Optimize 
[2020-06-22 16:10:37 : INFO] - Completed processing task with ID : 108, and type 'smush' 
[2020-06-22 16:10:37 : INFO] - Processing task with ID : 109, and type 'smush' 
[2020-06-22 16:10:37 : INFO] - Re_Smush_It_Task with attachment ID : 573, autocreated on : June 22, 2020 04:09:22 
[2020-06-22 16:10:37 : INFO] - 95 
[2020-06-22 16:10:37 : INFO] - Backing up the original image - 2020/06/Getac-Keyvisual_1097x1097_CTe-updraft-pre-smush-original.jpg 
[2020-06-22 16:10:37 : INFO] - Re_Smush_It_Task with attachment ID : 573, autocreated on : June 22, 2020 04:09:22 
[2020-06-22 16:10:37 : INFO] - 95 
[2020-06-22 16:10:38 : INFO] - Re_Smush_It_Task with attachment ID : 573, autocreated on : June 22, 2020 04:09:22 
[2020-06-22 16:10:38 : INFO] - 95 
[2020-06-22 16:10:38 : INFO] - Re_Smush_It_Task with attachment ID : 573, autocreated on : June 22, 2020 04:09:22 
[2020-06-22 16:10:38 : INFO] - 95 
[2020-06-22 16:10:38 : INFO] - Re_Smush_It_Task with attachment ID : 573, autocreated on : June 22, 2020 04:09:22 
[2020-06-22 16:10:38 : INFO] - 95 
[2020-06-22 16:10:38 : INFO] - Successfully optimized the image - /var/www/html/app/web/app/uploads/2020/06/Getac-Keyvisual_1097x1097_CTe.jpg.The file was compressed from 504.85 KB to 344.97 KB saving 31.67 percent using WP-Optimize 
[2020-06-22 16:10:38 : INFO] - Completed processing task with ID : 109, and type 'smush' 
[2020-06-22 16:10:38 : INFO] - Decremented the semaphore (smush) by 1 
[2020-06-22 16:10:38 : INFO] - Semaphore (smush) unlocked 
[2020-06-22 16:10:38 : INFO] - Successfully processed the queue (smush). 3 tasks were processed out of 3. 
[2020-06-22 16:10:38 : INFO] - Semaphore (smush, wp20gtc_options) was successfully cleaned up 
[2020-06-22 16:10:38 : INFO] - Cleaning up tasks of type (smush). A total of 7 tasks will be deleted. 
[2020-06-22 16:16:18 : INFO] - Re_Smush_It_Task with attachment ID : 576, autocreated on : June 22, 2020 04:16:18 
[2020-06-22 16:17:51 : INFO] - Re_Smush_It_Task with attachment ID : 579, autocreated on : June 22, 2020 04:17:51 
[2020-06-22 16:21:14 : INFO] - 
 
[2020-06-22 16:21:14 : INFO] - Header for logs at time:  Mon, 22 Jun 2020 16:21:14 +0000 on https://getac.preview.rb.de/wp 
[2020-06-22 16:21:14 : INFO] - WP: 5.4.1 
[2020-06-22 16:21:14 : INFO] - PHP: 7.3.17-1+0~20200419.57+debian10~1.gbp0fda17 (fpm-fcgi, Linux getac-web 4.15.0-96-generic #97-Ubuntu SMP Wed Apr 1 03:25:46 UTC 2020 x86_64) 
[2020-06-22 16:21:14 : INFO] - MySQL: 5.5.5 
[2020-06-22 16:21:14 : INFO] - WPLANG: en_US 
[2020-06-22 16:21:14 : INFO] - Server: nginx/1.18.0 
[2020-06-22 16:21:14 : INFO] - Outbound connections: N 
[2020-06-22 16:21:14 : INFO] - safe_mode: 0 
[2020-06-22 16:21:14 : INFO] - max_execution_time: 600 
[2020-06-22 16:21:14 : INFO] - memory_limit: 256M (used: 11.5M | 2M) 
[2020-06-22 16:21:14 : INFO] - multisite: N 
[2020-06-22 16:21:14 : INFO] - openssl: OpenSSL 1.1.1f  31 Mar 2020 
[2020-06-22 16:21:14 : INFO] - A total of 2 tasks of type smush found and will be processed in this iteration 
[2020-06-22 16:21:14 : INFO] - Set semaphore last lock (smush) time to 2020-06-22 16:21:14 
[2020-06-22 16:21:14 : INFO] - Semaphore lock (smush) complete 
[2020-06-22 16:21:14 : INFO] - Processing task with ID : 110, and type 'smush' 
[2020-06-22 16:21:14 : INFO] - Re_Smush_It_Task with attachment ID : 576, autocreated on : June 22, 2020 04:16:18 
[2020-06-22 16:21:14 : INFO] - 95 
[2020-06-22 16:21:14 : INFO] - Backing up the original image - 2020/06/Getac-Keyvisual_Mobile_CTe-updraft-pre-smush-original.jpg 
[2020-06-22 16:21:14 : INFO] - Re_Smush_It_Task with attachment ID : 576, autocreated on : June 22, 2020 04:16:18 
[2020-06-22 16:21:14 : INFO] - 95 
[2020-06-22 16:21:15 : INFO] - Re_Smush_It_Task with attachment ID : 576, autocreated on : June 22, 2020 04:16:18 
[2020-06-22 16:21:15 : INFO] - 95 
[2020-06-22 16:21:15 : INFO] - Re_Smush_It_Task with attachment ID : 576, autocreated on : June 22, 2020 04:16:18 
[2020-06-22 16:21:15 : INFO] - 95 
[2020-06-22 16:21:15 : INFO] - Re_Smush_It_Task with attachment ID : 576, autocreated on : June 22, 2020 04:16:18 
[2020-06-22 16:21:15 : INFO] - 95 
[2020-06-22 16:21:15 : INFO] - Re_Smush_It_Task with attachment ID : 576, autocreated on : June 22, 2020 04:16:18 
[2020-06-22 16:21:15 : INFO] - 95 
[2020-06-22 16:21:16 : INFO] - Successfully optimized the image - /var/www/html/app/web/app/uploads/2020/06/Getac-Keyvisual_Mobile_CTe.jpg.The file was compressed from 550.16 KB to 429.49 KB saving 21.93 percent using WP-Optimize 
[2020-06-22 16:21:16 : INFO] - Completed processing task with ID : 110, and type 'smush' 
[2020-06-22 16:21:16 : INFO] - Processing task with ID : 111, and type 'smush' 
[2020-06-22 16:21:16 : INFO] - Re_Smush_It_Task with attachment ID : 579, autocreated on : June 22, 2020 04:17:51 
[2020-06-22 16:21:16 : INFO] - 95 
[2020-06-22 16:21:16 : INFO] - Backing up the original image - 2020/06/Getac-Keyvisual_Mobile_CTe-1-updraft-pre-smush-original.jpg 
[2020-06-22 16:21:16 : INFO] - Re_Smush_It_Task with attachment ID : 579, autocreated on : June 22, 2020 04:17:51 
[2020-06-22 16:21:16 : INFO] - 95 
[2020-06-22 16:21:17 : INFO] - Re_Smush_It_Task with attachment ID : 579, autocreated on : June 22, 2020 04:17:51 
[2020-06-22 16:21:17 : INFO] - 95 
[2020-06-22 16:21:17 : INFO] - Re_Smush_It_Task with attachment ID : 579, autocreated on : June 22, 2020 04:17:51 
[2020-06-22 16:21:17 : INFO] - 95 
[2020-06-22 16:21:17 : INFO] - Re_Smush_It_Task with attachment ID : 579, autocreated on : June 22, 2020 04:17:51 
[2020-06-22 16:21:17 : INFO] - 95 
[2020-06-22 16:21:17 : INFO] - Re_Smush_It_Task with attachment ID : 579, autocreated on : June 22, 2020 04:17:51 
[2020-06-22 16:21:17 : INFO] - 95 
[2020-06-22 16:21:18 : INFO] - Successfully optimized the image - /var/www/html/app/web/app/uploads/2020/06/Getac-Keyvisual_Mobile_CTe-1.jpg.The file was compressed from 512.24 KB to 398.87 KB saving 22.13 percent using WP-Optimize 
[2020-06-22 16:21:18 : INFO] - Completed processing task with ID : 111, and type 'smush' 
[2020-06-22 16:21:18 : INFO] - Decremented the semaphore (smush) by 1 
[2020-06-22 16:21:18 : INFO] - Semaphore (smush) unlocked 
[2020-06-22 16:21:18 : INFO] - Successfully processed the queue (smush). 2 tasks were processed out of 2. 
[2020-06-22 16:21:18 : INFO] - Semaphore (smush, wp20gtc_options) was successfully cleaned up 
[2020-06-22 16:21:18 : INFO] - Cleaning up tasks of type (smush). A total of 2 tasks will be deleted. 
[2020-06-22 16:22:29 : INFO] - Re_Smush_It_Task with attachment ID : 581, autocreated on : June 22, 2020 04:22:29 
[2020-06-22 17:20:54 : INFO] - 
 
[2020-06-22 17:20:54 : INFO] - Header for logs at time:  Mon, 22 Jun 2020 17:20:54 +0000 on https://getac.preview.rb.de/wp 
[2020-06-22 17:20:54 : INFO] - WP: 5.4.1 
[2020-06-22 17:20:54 : INFO] - PHP: 7.3.17-1+0~20200419.57+debian10~1.gbp0fda17 (fpm-fcgi, Linux getac-web 4.15.0-96-generic #97-Ubuntu SMP Wed Apr 1 03:25:46 UTC 2020 x86_64) 
[2020-06-22 17:20:54 : INFO] - MySQL: 5.5.5 
[2020-06-22 17:20:54 : INFO] - WPLANG: en_US 
[2020-06-22 17:20:54 : INFO] - Server: nginx/1.18.0 
[2020-06-22 17:20:54 : INFO] - Outbound connections: N 
[2020-06-22 17:20:54 : INFO] - safe_mode: 0 
[2020-06-22 17:20:54 : INFO] - max_execution_time: 600 
[2020-06-22 17:20:54 : INFO] - memory_limit: 256M (used: 11.6M | 14M) 
[2020-06-22 17:20:54 : INFO] - multisite: N 
[2020-06-22 17:20:54 : INFO] - openssl: OpenSSL 1.1.1f  31 Mar 2020 
[2020-06-22 17:20:54 : INFO] - A total of 1 tasks of type smush found and will be processed in this iteration 
[2020-06-22 17:20:54 : INFO] - Set semaphore last lock (smush) time to 2020-06-22 17:20:54 
[2020-06-22 17:20:54 : INFO] - Semaphore lock (smush) complete 
[2020-06-22 17:20:54 : INFO] - Processing task with ID : 112, and type 'smush' 
[2020-06-22 17:20:54 : INFO] - Re_Smush_It_Task with attachment ID : 581, autocreated on : June 22, 2020 04:22:29 
[2020-06-22 17:20:54 : INFO] - 95 
[2020-06-22 17:20:54 : INFO] - Backing up the original image - 2020/06/Getac-Keyvisual_Mobile_CTe-2-updraft-pre-smush-original.jpg 
[2020-06-22 17:20:54 : INFO] - Re_Smush_It_Task with attachment ID : 581, autocreated on : June 22, 2020 04:22:29 
[2020-06-22 17:20:54 : INFO] - 95 
[2020-06-22 17:20:54 : INFO] - Re_Smush_It_Task with attachment ID : 581, autocreated on : June 22, 2020 04:22:29 
[2020-06-22 17:20:54 : INFO] - 95 
[2020-06-22 17:20:55 : INFO] - Re_Smush_It_Task with attachment ID : 581, autocreated on : June 22, 2020 04:22:29 
[2020-06-22 17:20:55 : INFO] - 95 
[2020-06-22 17:20:55 : INFO] - Re_Smush_It_Task with attachment ID : 581, autocreated on : June 22, 2020 04:22:29 
[2020-06-22 17:20:55 : INFO] - 95 
[2020-06-22 17:20:55 : INFO] - Re_Smush_It_Task with attachment ID : 581, autocreated on : June 22, 2020 04:22:29 
[2020-06-22 17:20:55 : INFO] - 95 
[2020-06-22 17:20:55 : INFO] - Successfully optimized the image - /var/www/html/app/web/app/uploads/2020/06/Getac-Keyvisual_Mobile_CTe-2.jpg.The file was compressed from 426.78 KB to 328.67 KB saving 22.99 percent using WP-Optimize 
[2020-06-22 17:20:55 : INFO] - Completed processing task with ID : 112, and type 'smush' 
[2020-06-22 17:20:55 : INFO] - Decremented the semaphore (smush) by 1 
[2020-06-22 17:20:55 : INFO] - Semaphore (smush) unlocked 
[2020-06-22 17:20:55 : INFO] - Successfully processed the queue (smush). 1 tasks were processed out of 1. 
[2020-06-22 17:20:55 : INFO] - Semaphore (smush, wp20gtc_options) was successfully cleaned up 
[2020-06-22 17:20:55 : INFO] - Cleaning up tasks of type (smush). A total of 1 tasks will be deleted. 
[2020-06-22 19:49:51 : INFO] - 
 
[2020-06-22 19:49:51 : INFO] - Header for logs at time:  Mon, 22 Jun 2020 19:49:51 +0000 on https://getac.preview.rb.de/wp 
[2020-06-22 19:49:51 : INFO] - WP: 5.4.1 
[2020-06-22 19:49:51 : INFO] - PHP: 7.3.17-1+0~20200419.57+debian10~1.gbp0fda17 (fpm-fcgi, Linux getac-web 4.15.0-96-generic #97-Ubuntu SMP Wed Apr 1 03:25:46 UTC 2020 x86_64) 
[2020-06-22 19:49:51 : INFO] - MySQL: 5.5.5 
[2020-06-22 19:49:51 : INFO] - WPLANG: en_US 
[2020-06-22 19:49:51 : INFO] - Server: nginx/1.18.0 
[2020-06-22 19:49:51 : INFO] - Outbound connections: N 
[2020-06-22 19:49:51 : INFO] - safe_mode: 0 
[2020-06-22 19:49:51 : INFO] - max_execution_time: 600 
[2020-06-22 19:49:51 : INFO] - memory_limit: 256M (used: 11.5M | 14M) 
[2020-06-22 19:49:51 : INFO] - multisite: N 
[2020-06-22 19:49:51 : INFO] - openssl: OpenSSL 1.1.1f  31 Mar 2020 
[2020-06-22 19:49:51 : INFO] - The queue for tasks of type "smush" is empty. Aborting! 
[2020-06-23 08:17:51 : INFO] - Re_Smush_It_Task with attachment ID : 589, autocreated on : June 23, 2020 08:17:51 
[2020-06-23 08:17:53 : INFO] - Re_Smush_It_Task with attachment ID : 591, autocreated on : June 23, 2020 08:17:53 
[2020-06-23 08:22:51 : INFO] - 
 
[2020-06-23 08:22:51 : INFO] - Header for logs at time:  Tue, 23 Jun 2020 08:22:51 +0000 on https://getac.preview.rb.de/wp 
[2020-06-23 08:22:51 : INFO] - WP: 5.4.1 
[2020-06-23 08:22:51 : INFO] - PHP: 7.3.17-1+0~20200419.57+debian10~1.gbp0fda17 (fpm-fcgi, Linux getac-web 4.15.0-96-generic #97-Ubuntu SMP Wed Apr 1 03:25:46 UTC 2020 x86_64) 
[2020-06-23 08:22:51 : INFO] - MySQL: 5.5.5 
[2020-06-23 08:22:51 : INFO] - WPLANG: en_US 
[2020-06-23 08:22:51 : INFO] - Server: nginx/1.18.0 
[2020-06-23 08:22:51 : INFO] - Outbound connections: N 
[2020-06-23 08:22:51 : INFO] - safe_mode: 0 
[2020-06-23 08:22:51 : INFO] - max_execution_time: 600 
[2020-06-23 08:22:51 : INFO] - memory_limit: 256M (used: 11.5M | 2M) 
[2020-06-23 08:22:51 : INFO] - multisite: N 
[2020-06-23 08:22:51 : INFO] - openssl: OpenSSL 1.1.1f  31 Mar 2020 
[2020-06-23 08:22:51 : INFO] - A total of 2 tasks of type smush found and will be processed in this iteration 
[2020-06-23 08:22:51 : INFO] - Set semaphore last lock (smush) time to 2020-06-23 08:22:51 
[2020-06-23 08:22:51 : INFO] - Semaphore lock (smush) complete 
[2020-06-23 08:22:51 : INFO] - Processing task with ID : 113, and type 'smush' 
[2020-06-23 08:22:51 : INFO] - Re_Smush_It_Task with attachment ID : 589, autocreated on : June 23, 2020 08:17:51 
[2020-06-23 08:22:51 : INFO] - 95 
[2020-06-23 08:22:51 : INFO] - Backing up the original image - 2020/06/Getac-Keyvisual_1920x1080_CTe_v2-updraft-pre-smush-original.jpg 
[2020-06-23 08:22:51 : INFO] - Re_Smush_It_Task with attachment ID : 589, autocreated on : June 23, 2020 08:17:51 
[2020-06-23 08:22:51 : INFO] - 95 
[2020-06-23 08:22:52 : INFO] - Re_Smush_It_Task with attachment ID : 589, autocreated on : June 23, 2020 08:17:51 
[2020-06-23 08:22:52 : INFO] - 95 
[2020-06-23 08:22:52 : INFO] - Re_Smush_It_Task with attachment ID : 589, autocreated on : June 23, 2020 08:17:51 
[2020-06-23 08:22:52 : INFO] - 95 
[2020-06-23 08:22:52 : INFO] - Re_Smush_It_Task with attachment ID : 589, autocreated on : June 23, 2020 08:17:51 
[2020-06-23 08:22:52 : INFO] - 95 
[2020-06-23 08:22:52 : INFO] - Re_Smush_It_Task with attachment ID : 589, autocreated on : June 23, 2020 08:17:51 
[2020-06-23 08:22:52 : INFO] - 95 
[2020-06-23 08:22:53 : INFO] - Re_Smush_It_Task with attachment ID : 589, autocreated on : June 23, 2020 08:17:51 
[2020-06-23 08:22:53 : INFO] - 95 
[2020-06-23 08:22:53 : INFO] - Successfully optimized the image - /var/www/html/app/web/app/uploads/2020/06/Getac-Keyvisual_1920x1080_CTe_v2.jpg.The file was compressed from 239.18 KB to 221.17 KB saving 7.53 percent using WP-Optimize 
[2020-06-23 08:22:53 : INFO] - Completed processing task with ID : 113, and type 'smush' 
[2020-06-23 08:22:53 : INFO] - Processing task with ID : 114, and type 'smush' 
[2020-06-23 08:22:53 : INFO] - Re_Smush_It_Task with attachment ID : 591, autocreated on : June 23, 2020 08:17:53 
[2020-06-23 08:22:53 : INFO] - 95 
[2020-06-23 08:22:53 : INFO] - Backing up the original image - 2020/06/Getac-Keyvisual_Mobile_v2-updraft-pre-smush-original.jpg 
[2020-06-23 08:22:53 : INFO] - Re_Smush_It_Task with attachment ID : 591, autocreated on : June 23, 2020 08:17:53 
[2020-06-23 08:22:53 : INFO] - 95 
[2020-06-23 08:22:54 : INFO] - Re_Smush_It_Task with attachment ID : 591, autocreated on : June 23, 2020 08:17:53 
[2020-06-23 08:22:54 : INFO] - 95 
[2020-06-23 08:22:54 : INFO] - Re_Smush_It_Task with attachment ID : 591, autocreated on : June 23, 2020 08:17:53 
[2020-06-23 08:22:54 : INFO] - 95 
[2020-06-23 08:22:54 : INFO] - Re_Smush_It_Task with attachment ID : 591, autocreated on : June 23, 2020 08:17:53 
[2020-06-23 08:22:54 : INFO] - 95 
[2020-06-23 08:22:54 : INFO] - Re_Smush_It_Task with attachment ID : 591, autocreated on : June 23, 2020 08:17:53 
[2020-06-23 08:22:54 : INFO] - 95 
[2020-06-23 08:22:55 : INFO] - Successfully optimized the image - /var/www/html/app/web/app/uploads/2020/06/Getac-Keyvisual_Mobile_v2.jpg.The file was compressed from 200.83 KB to 185.01 KB saving 7.88 percent using WP-Optimize 
[2020-06-23 08:22:55 : INFO] - Completed processing task with ID : 114, and type 'smush' 
[2020-06-23 08:22:55 : INFO] - Decremented the semaphore (smush) by 1 
[2020-06-23 08:22:55 : INFO] - Semaphore (smush) unlocked 
[2020-06-23 08:22:55 : INFO] - Successfully processed the queue (smush). 2 tasks were processed out of 2. 
[2020-06-23 08:22:55 : INFO] - Semaphore (smush, wp20gtc_options) was successfully cleaned up 
[2020-06-23 08:22:55 : INFO] - Cleaning up tasks of type (smush). A total of 2 tasks will be deleted. 
[2020-06-23 08:32:52 : INFO] - 
 
[2020-06-23 08:32:52 : INFO] - Header for logs at time:  Tue, 23 Jun 2020 08:32:52 +0000 on https://getac.preview.rb.de/wp 
[2020-06-23 08:32:52 : INFO] - WP: 5.4.1 
[2020-06-23 08:32:52 : INFO] - PHP: 7.3.17-1+0~20200419.57+debian10~1.gbp0fda17 (fpm-fcgi, Linux getac-web 4.15.0-96-generic #97-Ubuntu SMP Wed Apr 1 03:25:46 UTC 2020 x86_64) 
[2020-06-23 08:32:52 : INFO] - MySQL: 5.5.5 
[2020-06-23 08:32:52 : INFO] - WPLANG: en_US 
[2020-06-23 08:32:52 : INFO] - Server: nginx/1.18.0 
[2020-06-23 08:32:52 : INFO] - Outbound connections: N 
[2020-06-23 08:32:52 : INFO] - safe_mode: 0 
[2020-06-23 08:32:52 : INFO] - max_execution_time: 600 
[2020-06-23 08:32:52 : INFO] - memory_limit: 256M (used: 11.8M | 2M) 
[2020-06-23 08:32:52 : INFO] - multisite: N 
[2020-06-23 08:32:52 : INFO] - openssl: OpenSSL 1.1.1f  31 Mar 2020 
[2020-06-23 08:32:52 : INFO] - The queue for tasks of type "smush" is empty. Aborting! 
[2020-06-23 08:49:12 : INFO] - Re_Smush_It_Task with attachment ID : 603, autocreated on : June 23, 2020 08:49:12 
[2020-06-23 08:54:54 : INFO] - 
 
[2020-06-23 08:54:54 : INFO] - Header for logs at time:  Tue, 23 Jun 2020 08:54:54 +0000 on https://getac.preview.rb.de/wp 
[2020-06-23 08:54:54 : INFO] - WP: 5.4.1 
[2020-06-23 08:54:54 : INFO] - PHP: 7.3.17-1+0~20200419.57+debian10~1.gbp0fda17 (fpm-fcgi, Linux getac-web 4.15.0-96-generic #97-Ubuntu SMP Wed Apr 1 03:25:46 UTC 2020 x86_64) 
[2020-06-23 08:54:54 : INFO] - MySQL: 5.5.5 
[2020-06-23 08:54:54 : INFO] - WPLANG: en_US 
[2020-06-23 08:54:54 : INFO] - Server: nginx/1.18.0 
[2020-06-23 08:54:54 : INFO] - Outbound connections: N 
[2020-06-23 08:54:54 : INFO] - safe_mode: 0 
[2020-06-23 08:54:54 : INFO] - max_execution_time: 600 
[2020-06-23 08:54:54 : INFO] - memory_limit: 256M (used: 11.8M | 2M) 
[2020-06-23 08:54:54 : INFO] - multisite: N 
[2020-06-23 08:54:54 : INFO] - openssl: OpenSSL 1.1.1f  31 Mar 2020 
[2020-06-23 08:54:54 : INFO] - A total of 1 tasks of type smush found and will be processed in this iteration 
[2020-06-23 08:54:54 : INFO] - Set semaphore last lock (smush) time to 2020-06-23 08:54:54 
[2020-06-23 08:54:54 : INFO] - Semaphore lock (smush) complete 
[2020-06-23 08:54:54 : INFO] - Processing task with ID : 115, and type 'smush' 
[2020-06-23 08:54:54 : INFO] - Re_Smush_It_Task with attachment ID : 603, autocreated on : June 23, 2020 08:49:12 
[2020-06-23 08:54:54 : INFO] - 95 
[2020-06-23 08:54:55 : INFO] - Backing up the original image - 2020/06/Getac_LP_M11_TeaserAR-updraft-pre-smush-original.png 
[2020-06-23 08:54:55 : INFO] - Re_Smush_It_Task with attachment ID : 603, autocreated on : June 23, 2020 08:49:12 
[2020-06-23 08:54:55 : INFO] - 95 
[2020-06-23 08:54:55 : INFO] - Re_Smush_It_Task with attachment ID : 603, autocreated on : June 23, 2020 08:49:12 
[2020-06-23 08:54:55 : INFO] - 95 
[2020-06-23 08:54:56 : INFO] - Re_Smush_It_Task with attachment ID : 603, autocreated on : June 23, 2020 08:49:12 
[2020-06-23 08:54:56 : INFO] - 95 
[2020-06-23 08:54:56 : INFO] - Re_Smush_It_Task with attachment ID : 603, autocreated on : June 23, 2020 08:49:12 
[2020-06-23 08:54:56 : INFO] - 95 
[2020-06-23 08:54:56 : INFO] - Successfully optimized the image - /var/www/html/app/web/app/uploads/2020/06/Getac_LP_M11_TeaserAR.png.The file was compressed from 319.06 KB to 319.04 KB saving 0.01 percent using WP-Optimize 
[2020-06-23 08:54:56 : INFO] - Completed processing task with ID : 115, and type 'smush' 
[2020-06-23 08:54:56 : INFO] - Decremented the semaphore (smush) by 1 
[2020-06-23 08:54:56 : INFO] - Semaphore (smush) unlocked 
[2020-06-23 08:54:56 : INFO] - Successfully processed the queue (smush). 1 tasks were processed out of 1. 
[2020-06-23 08:54:56 : INFO] - Semaphore (smush, wp20gtc_options) was successfully cleaned up 
[2020-06-23 08:54:56 : INFO] - Cleaning up tasks of type (smush). A total of 1 tasks will be deleted. 
